Using pre-set license
Built from '2020.3/release' branch; Version is '2020.3.12f1 (b3b2c6512326) revision 11776710'; Using compiler version '192528614'; Build Type 'Release'
OS: 'Windows 10 Pro; OS build 19043.1237; Version 2009; 64bit' Language: 'en' Physical Memory: 16233 MB
BatchMode: 1, IsHumanControllingUs: 0, StartBugReporterOnCrash: 0, Is64bit: 1, IsPro: 0

 COMMAND LINE ARGUMENTS:
C:\Program Files\Unity\Hub\Editor\2020.3.12f1\Editor\Unity.exe
-adb2
-batchMode
-noUpm
-name
AssetImportWorker0
-projectPath
D:/Unity Games Editor/Road Rash
-logFile
Logs/AssetImportWorker0.log
-srvPort
51920
Successfully changed project path to: D:/Unity Games Editor/Road Rash
D:/Unity Games Editor/Road Rash
Using Asset Import Pipeline V2.
Refreshing native plugins compatible for Editor in 23.14 ms, found 2 plugins.
Preloading 0 native plugins for Editor in 0.00 ms.
Initialize engine version: 2020.3.12f1 (b3b2c6512326)
[Subsystems] Discovering subsystems at path C:/Program Files/Unity/Hub/Editor/2020.3.12f1/Editor/Data/Resources/UnitySubsystems
[Subsystems] Discovering subsystems at path D:/Unity Games Editor/Road Rash/Assets
GfxDevice: creating device client; threaded=0
Direct3D:
    Version:  Direct3D 11.0 [level 11.1]
    Renderer: Intel(R) UHD Graphics 630 (ID=0x9bc5)
    Vendor:   
    VRAM:     8116 MB
    Driver:   27.20.100.9316
Initialize mono
Mono path[0] = 'C:/Program Files/Unity/Hub/Editor/2020.3.12f1/Editor/Data/Managed'
Mono path[1] = 'C:/Program Files/Unity/Hub/Editor/2020.3.12f1/Editor/Data/MonoBleedingEdge/lib/mono/unityjit'
Mono config path = 'C:/Program Files/Unity/Hub/Editor/2020.3.12f1/Editor/Data/MonoBleedingEdge/etc'
Using monoOptions --debugger-agent=transport=dt_socket,embedding=1,server=y,suspend=n,address=127.0.0.1:56280
Begin MonoManager ReloadAssembly
Registering precompiled unity dll's ...
Register platform support module: C:/Program Files/Unity/Hub/Editor/2020.3.12f1/Editor/Data/PlaybackEngines/WebGLSupport/UnityEditor.WebGL.Extensions.dll
Register platform support module: C:/Program Files/Unity/Hub/Editor/2020.3.12f1/Editor/Data/PlaybackEngines/MacStandaloneSupport/UnityEditor.OSXStandalone.Extensions.dll
Register platform support module: C:/Program Files/Unity/Hub/Editor/2020.3.12f1/Editor/Data/PlaybackEngines/WindowsStandaloneSupport/UnityEditor.WindowsStandalone.Extensions.dll
Register platform support module: C:/Program Files/Unity/Hub/Editor/2020.3.12f1/Editor/Data/PlaybackEngines/LinuxStandaloneSupport/UnityEditor.LinuxStandalone.Extensions.dll
Registered in 0.002601 seconds.
Native extension for LinuxStandalone target not found
Native extension for WindowsStandalone target not found
Native extension for OSXStandalone target not found
Native extension for WebGL target not found
Refreshing native plugins compatible for Editor in 22.93 ms, found 2 plugins.
Preloading 0 native plugins for Editor in 0.00 ms.
Mono: successfully reloaded assembly
- Completed reload, in  1.433 seconds
Platform modules already initialized, skipping
Registering precompiled user dll's ...
Registered in 0.001888 seconds.
Begin MonoManager ReloadAssembly
Native extension for LinuxStandalone target not found
Native extension for WindowsStandalone target not found
Native extension for OSXStandalone target not found
Native extension for WebGL target not found
Refreshing native plugins compatible for Editor in 0.25 ms, found 2 plugins.
Preloading 0 native plugins for Editor in 0.00 ms.
Mono: successfully reloaded assembly
- Completed reload, in  0.754 seconds
Platform modules already initialized, skipping
========================================================================
Worker process is ready to serve import requests
Launched and connected shader compiler UnityShaderCompiler.exe after 0.03 seconds
Refreshing native plugins compatible for Editor in 0.41 ms, found 2 plugins.
Preloading 0 native plugins for Editor in 0.00 ms.
Unloading 1408 Unused Serialized files (Serialized files now loaded: 0)
System memory in use before: 73.3 MB.
System memory in use after: 73.2 MB.

Unloading 19 unused Assets to reduce memory usage. Loaded Objects now: 1861.
Total: 1.954600 ms (FindLiveObjects: 0.120000 ms CreateObjectMapping: 0.037700 ms MarkObjects: 1.620700 ms  DeleteObjects: 0.175200 ms)

AssetImportParameters requested are different than current active one (requested -> active):
  custom:framework-win-MediaFoundation: 216162199b28c13a410421893ffa2e32 -> 
  custom:video-decoder-ogg-theora: a1e56fd34408186e4bbccfd4996cb3dc -> 
  custom:container-muxer-webm: aa71ff27fc2769a1b78a27578f13a17b -> 
  custom:container-demuxer-webm: 4f35f7cbe854078d1ac9338744f61a02 -> 
  custom:container-demuxer-ogg: 62fdf1f143b41e24485cea50d1cbac27 -> 
  custom:video-encoder-webm-vp8: eb34c28f22e8b96e1ab97ce403110664 -> 
  custom:video-decoder-webm-vp8: 9c59270c3fd7afecdb556c50c9e8de78 -> 
  custom:audio-decoder-ogg-vorbis: bf7c407c2cedff20999df2af8eb42d56 -> 
  custom:audio-encoder-webm-vorbis: bf7c407c2cedff20999df2af8eb42d56 -> 
========================================================================
Received Import Request.
  path: Assets/MSK 2.2/Sounds
  artifactKey: Guid(ca587fd25af69c448990bfcac455ade8) Importer(815301076,1909f56bfc062723c751e8b465ee728b)
Start importing Assets/MSK 2.2/Sounds using Guid(ca587fd25af69c448990bfcac455ade8) Importer(815301076,1909f56bfc062723c751e8b465ee728b)  -> (artifact id: '50f14d55bfdd76c4710ce99fd07b4612') in 0.003204 seconds 
  Import took 0.004647 seconds .

========================================================================
Received Import Request.
  Time since last request: 0.000222 seconds.
  path: Assets/MSK 2.2/Skidmarks
  artifactKey: Guid(dcbfdcf4a21e2ba4e9c6e99cf367f439) Importer(815301076,1909f56bfc062723c751e8b465ee728b)
Start importing Assets/MSK 2.2/Skidmarks using Guid(dcbfdcf4a21e2ba4e9c6e99cf367f439) Importer(815301076,1909f56bfc062723c751e8b465ee728b)  -> (artifact id: '7b771f6cef210910c33eaaeaa12d515c') in 0.001469 seconds 
  Import took 0.002756 seconds .

========================================================================
Received Import Request.
  Time since last request: 0.000143 seconds.
  path: Assets/MSK 2.2/Standard Assets
  artifactKey: Guid(540985e7a235bef439e6ef6fdeb82ded) Importer(815301076,1909f56bfc062723c751e8b465ee728b)
Start importing Assets/MSK 2.2/Standard Assets using Guid(540985e7a235bef439e6ef6fdeb82ded) Importer(815301076,1909f56bfc062723c751e8b465ee728b)  -> (artifact id: '21fe8a3e52ce4062d8c107ab8ee50fb0') in 0.001193 seconds 
  Import took 0.002474 seconds .

========================================================================
Received Import Request.
  Time since last request: 0.696036 seconds.
  path: Assets/MSK 2.2/Shaders
  artifactKey: Guid(2f12a12ebea736340a61b922d1d67795) Importer(815301076,1909f56bfc062723c751e8b465ee728b)
Start importing Assets/MSK 2.2/Shaders using Guid(2f12a12ebea736340a61b922d1d67795) Importer(815301076,1909f56bfc062723c751e8b465ee728b)  -> (artifact id: '5cb3f91288985245b306fb8a7c54f092') in 0.001429 seconds 
  Import took 0.003025 seconds .

AssetImportWorkerClient::OnTransportError - code=2 error=End of file
